<?xml version="1.0" encoding="UTF-8"?>
<!-- Generated by org.testng.reporters.JUnitXMLReporter -->
<testsuite ignored="0" hostname="DESKTOP-9B2JCSO" failures="0" tests="4" name="test2" time="25.275" errors="0" timestamp="2023-08-07T13:27:28 IST">
  <testcase classname="org.testngpractice.TestCases" name="tc" time="11.343"/>
  <testcase classname="org.testngpractice.TestCases" name="tc1" time="4.332"/>
  <testcase classname="org.testngpractice.TestCases" name="tc2" time="4.376">
    <skipped/>
  </testcase> <!-- tc2 -->
  <testcase classname="org.testngpractice.TestCases" name="tc2" time="5.097"/>
</testsuite> <!-- test2 -->
